; planets_big16_de431_1950_2350.bsp LOG FILE
 
; Created 2022-04-18/19:12:14.81.
;
; BEGIN SPKMERGE COMMANDS
 
LEAPSECONDS_KERNEL   = naif0012.tls
 
SPK_KERNEL           = planets_big16_de431_1950_2350.bsp
  LOG_FILE           = planets_big16_de431_1950_2350.log
  SOURCE_SPK_KERNEL  = de431_part-2.bsp
    INCLUDE_COMMENTS = YES
    BODIES           = 1, 2, 3, 4, 5, 6, 7, 8, 9, 10, 301, 399, 199, 299
    BEGIN_TIME       = 1949 DEC 31 23:59:18.816
    END_TIME         = 2349 DEC 31 23:58:50.816
  SOURCE_SPK_KERNEL  = sb431-n16s.bsp
    INCLUDE_COMMENTS = YES
    BODIES           = 2000087, 2000451, 2000052, 2000048, 2000088, 2000065,
                       2000016, 2000003, 2000015, 2000511, 2000704, 2000031,
                       2000010, 2000002, 2000004, 2000001
    BEGIN_TIME       = 1949 DEC 31 23:59:18.816
    END_TIME         = 2349 DEC 31 23:58:50.816
 
; END SPKMERGE COMMANDS
